<?xml version="1.0" encoding="UTF-8"?>
<!-- Generated by org.testng.reporters.JUnitReportReporter -->
<testsuite hostname="lenovo" name="com.msyidai.cases.ForeignFinancialLoanInput" tests="1" failures="0" timestamp="15 Jan 2018 06:00:45 GMT" time="14.636" errors="0">
  <testcase name="foreignFinancialLoanInput" time="14.636" classname="com.msyidai.cases.ForeignFinancialLoanInput"/>
</testsuite> <!-- com.msyidai.cases.ForeignFinancialLoanInput -->
