<?xml version="1.0" encoding="UTF-8"?>
<!-- Generated by org.testng.reporters.JUnitReportReporter -->
<testsuite hostname="lenovo" name="com.msyidai.cases.H5logintest" tests="1" failures="0" timestamp="15 Jan 2018 08:21:44 GMT" time="9.116" errors="0">
  <testcase name="h5logintest" time="9.116" classname="com.msyidai.cases.H5logintest"/>
</testsuite> <!-- com.msyidai.cases.H5logintest -->
