<?xml version="1.0" encoding="UTF-8"?>
<!-- Generated by org.testng.reporters.JUnitReportReporter -->
<testsuite hostname="lenovo" name="com.msyidai.cases.BonusReturnTest" tests="1" failures="0" timestamp="10 Jan 2018 11:00:03 GMT" time="6.994" errors="0">
  <testcase name="bonusReturnTest" time="6.994" classname="com.msyidai.cases.BonusReturnTest"/>
</testsuite> <!-- com.msyidai.cases.BonusReturnTest -->
