<?xml version="1.0" encoding="UTF-8"?>
<!-- Generated by org.testng.reporters.JUnitReportReporter -->
<testsuite hostname="lenovo" name="com.msyidai.cases.BonusReturnTest" tests="2" failures="0" timestamp="16 Jan 2018 06:50:20 GMT" time="192.222" errors="0">
  <testcase name="companyLoanBonusReturnTest" time="99.090" classname="com.msyidai.cases.BonusReturnTest"/>
  <testcase name="personLoanBonusReturnTest" time="93.132" classname="com.msyidai.cases.BonusReturnTest"/>
</testsuite> <!-- com.msyidai.cases.BonusReturnTest -->
