<?xml version="1.0" encoding="UTF-8"?>
<!-- Generated by org.testng.reporters.JUnitReportReporter -->
<testsuite hostname="lenovo" name="com.msyidai.cases.CheckCashIn" tests="1" failures="0" timestamp="10 Jan 2018 03:54:56 GMT" time="6.247" errors="0">
  <testcase name="checkCashIn" time="6.247" classname="com.msyidai.cases.CheckCashIn"/>
</testsuite> <!-- com.msyidai.cases.CheckCashIn -->
