<?xml version="1.0" encoding="UTF-8"?>
<!-- Generated by org.testng.reporters.JUnitReportReporter -->
<testsuite hostname="lenovo" name="com.msyidai.cases.PersonLoanInput" tests="1" failures="0" timestamp="15 Jan 2018 11:26:32 GMT" time="22.001" errors="0">
  <testcase name="personLoanInput" time="22.001" classname="com.msyidai.cases.PersonLoanInput"/>
</testsuite> <!-- com.msyidai.cases.PersonLoanInput -->
