<?xml version="1.0" encoding="UTF-8"?>
<!-- Generated by org.testng.reporters.JUnitReportReporter -->
<testsuite hostname="lenovo" name="com.msyidai.cases.ReleaseTransLoan" tests="1" failures="0" timestamp="10 Jan 2018 08:40:55 GMT" time="65.758" errors="0">
  <testcase name="releaseTransLoan" time="65.758" classname="com.msyidai.cases.ReleaseTransLoan"/>
</testsuite> <!-- com.msyidai.cases.ReleaseTransLoan -->
