<?xml version="1.0" encoding="UTF-8"?>
<!-- Generated by org.testng.reporters.JUnitReportReporter -->
<testsuite hostname="lenovo" name="com.msyidai.cases.ReleaseloanTest" tests="1" failures="0" timestamp="16 Jan 2018 06:30:57 GMT" time="16.375" errors="0">
  <testcase name="releaseloanTest" time="16.375" classname="com.msyidai.cases.ReleaseloanTest"/>
</testsuite> <!-- com.msyidai.cases.ReleaseloanTest -->
